<?xml version="1.0" encoding="UTF-8"?>
<!-- Generated by org.testng.reporters.JUnitReportReporter -->
<testsuite hostname="LAPTOP-Q08K87KM" failures="0" tests="1" name="com.crm.OrgananizationTests.SearchTheOrgByPhoneTests" time="26.107" errors="0" timestamp="2022-02-20T00:34:28 IST" skipped="0">
  <testcase classname="com.crm.OrgananizationTests.SearchTheOrgByPhoneTests" name="searchTheOrgByPhoneTests" time="26.107"/>
  <system-out/>
</testsuite> <!-- com.crm.OrgananizationTests.SearchTheOrgByPhoneTests -->
