<?xml version="1.0" encoding="UTF-8"?>
<!-- Generated by org.testng.reporters.JUnitReportReporter -->
<testsuite hostname="LAPTOP-Q08K87KM" failures="0" tests="6" name="com.crm.PRACTICE.DataProviderPracticesixtwo" time="0.016" errors="0" timestamp="2022-02-28T15:48:20 IST" skipped="0">
  <testcase classname="com.crm.PRACTICE.DataProviderPracticesixtwo" name="SampleDataProvider" time="0.001"/>
  <system-out/>
  <testcase classname="com.crm.PRACTICE.DataProviderPracticesixtwo" name="SampleDataProvider" time="0.002"/>
  <system-out/>
  <testcase classname="com.crm.PRACTICE.DataProviderPracticesixtwo" name="SampleDataProvider" time="0.008"/>
  <system-out/>
  <testcase classname="com.crm.PRACTICE.DataProviderPracticesixtwo" name="SampleDataProvider" time="0.002"/>
  <system-out/>
  <testcase classname="com.crm.PRACTICE.DataProviderPracticesixtwo" name="SampleDataProvider" time="0.002"/>
  <system-out/>
  <testcase classname="com.crm.PRACTICE.DataProviderPracticesixtwo" name="SampleDataProvider" time="0.001"/>
  <system-out/>
</testsuite> <!-- com.crm.PRACTICE.DataProviderPracticesixtwo -->
