<?xml version="1.0" encoding="UTF-8"?>
<!-- Generated by org.testng.reporters.JUnitReportReporter -->
<testsuite hostname="LAPTOP-Q08K87KM" failures="0" tests="1" name="com.crm.PRACTICE.SampleJDBCExecuteUpdateTest" time="0.417" errors="0" timestamp="2022-02-17T12:57:42 IST" skipped="0">
  <testcase classname="com.crm.PRACTICE.SampleJDBCExecuteUpdateTest" name="sampleJDBCExecuteUpdate" time="0.417"/>
  <system-out/>
</testsuite> <!-- com.crm.PRACTICE.SampleJDBCExecuteUpdateTest -->
