<?xml version="1.0" encoding="UTF-8"?>
<!-- Generated by org.testng.reporters.JUnitReportReporter -->
<testsuite hostname="LAPTOP-Q08K87KM" failures="0" tests="1" name="DataVerificationDB" time="0.075" errors="0" timestamp="2022-02-17T12:57:42 IST" skipped="0">
  <testcase classname="DataVerificationDB" name="dataVerifictionDB" time="0.075"/>
  <system-out/>
</testsuite> <!-- DataVerificationDB -->
