<?xml version="1.0" encoding="UTF-8"?>
<!-- Generated by org.testng.reporters.JUnitReportReporter -->
<testsuite hostname="LAPTOP-Q08K87KM" failures="0" tests="1" name="com.crm.PRACTICE.CheckAllCheckboxTests" time="10.688" errors="0" timestamp="2022-03-09T10:33:55 IST" skipped="0">
  <testcase classname="com.crm.PRACTICE.CheckAllCheckboxTests" name="checkAllCheckboxTests" time="10.688"/>
  <system-out/>
</testsuite> <!-- com.crm.PRACTICE.CheckAllCheckboxTests -->
