<?xml version="1.0" encoding="UTF-8"?>
<!-- Generated by org.testng.reporters.JUnitReportReporter -->
<testsuite hostname="LAPTOP-Q08K87KM" failures="0" tests="6" name="com.crm.PRACTICE.CreateOrgwithMultipleDataWithType" time="191.327" errors="0" timestamp="2022-02-28T21:00:52 IST" skipped="0">
  <testcase classname="com.crm.PRACTICE.CreateOrgwithMultipleDataWithType" name="createOrgWithMltipleData" time="31.202"/>
  <system-out>
    <![CDATA[login successful
navigated to org link
click on create org link
create org,industry with type
verification successful]]>
  </system-out>
  <testcase classname="com.crm.PRACTICE.CreateOrgwithMultipleDataWithType" name="createOrgWithMltipleData" time="31.280"/>
  <system-out>
    <![CDATA[login successful
navigated to org link
click on create org link
create org,industry with type
verification successful]]>
  </system-out>
  <testcase classname="com.crm.PRACTICE.CreateOrgwithMultipleDataWithType" name="createOrgWithMltipleData" time="30.685"/>
  <system-out>
    <![CDATA[login successful
navigated to org link
click on create org link
create org,industry with type
verification successful]]>
  </system-out>
  <testcase classname="com.crm.PRACTICE.CreateOrgwithMultipleDataWithType" name="createOrgWithMltipleData" time="30.491"/>
  <system-out>
    <![CDATA[login successful
navigated to org link
click on create org link
create org,industry with type
verification successful]]>
  </system-out>
  <testcase classname="com.crm.PRACTICE.CreateOrgwithMultipleDataWithType" name="createOrgWithMltipleData" time="31.604"/>
  <system-out>
    <![CDATA[login successful
navigated to org link
click on create org link
create org,industry with type
verification successful]]>
  </system-out>
  <testcase classname="com.crm.PRACTICE.CreateOrgwithMultipleDataWithType" name="createOrgWithMltipleData" time="36.065"/>
  <system-out>
    <![CDATA[login successful
navigated to org link
click on create org link
create org,industry with type
verification successful]]>
  </system-out>
</testsuite> <!-- com.crm.PRACTICE.CreateOrgwithMultipleDataWithType -->
