<?xml version="1.0" encoding="UTF-8"?>
<!-- Generated by org.testng.reporters.JUnitReportReporter -->
<testsuite hostname="LAPTOP-Q08K87KM" failures="0" tests="1" name="com.crm.OrgananizationTests.CreateOrganizationTest" time="15.552" errors="0" timestamp="2022-03-16T16:56:34 IST" skipped="0">
  <testcase classname="com.crm.OrgananizationTests.CreateOrganizationTest" name="createOrganizationTest" time="15.552"/>
  <system-out/>
</testsuite> <!-- com.crm.OrgananizationTests.CreateOrganizationTest -->
