<?xml version="1.0" encoding="UTF-8"?>
<!-- Generated by org.testng.reporters.JUnitReportReporter -->
<testsuite hostname="LAPTOP-Q08K87KM" failures="0" tests="1" name="com.crm.PRACTICE.CheckedLastCheckBoxTests" time="10.950" errors="0" timestamp="2022-03-09T10:41:07 IST" skipped="0">
  <testcase classname="com.crm.PRACTICE.CheckedLastCheckBoxTests" name="checklastCheckboxTests" time="10.950"/>
  <system-out/>
</testsuite> <!-- com.crm.PRACTICE.CheckedLastCheckBoxTests -->
