<?xml version="1.0" encoding="UTF-8"?>
<!-- Generated by org.testng.reporters.JUnitReportReporter -->
<testsuite hostname="LAPTOP-Q08K87KM" failures="0" tests="1" name="com.crm.PRACTICE.ReadDataFromSuiteXmlFileTest" time="0.007" errors="0" timestamp="2022-02-17T15:22:00 IST" skipped="0">
  <testcase classname="com.crm.PRACTICE.ReadDataFromSuiteXmlFileTest" name="readDataFromSuiteXmlFileTest" time="0.007"/>
  <system-out/>
</testsuite> <!-- com.crm.PRACTICE.ReadDataFromSuiteXmlFileTest -->
