<?xml version="1.0" encoding="UTF-8"?>
<!-- Generated by org.testng.reporters.JUnitReportReporter -->
<testsuite hostname="LAPTOP-Q08K87KM" failures="0" tests="1" name="com.crm.OrgananizationTests.SearchOrgByWebsite" time="32.849" errors="0" timestamp="2022-02-21T11:04:32 IST" skipped="0">
  <testcase classname="com.crm.OrgananizationTests.SearchOrgByWebsite" name="searchOrgByWebsite" time="32.849"/>
  <system-out/>
</testsuite> <!-- com.crm.OrgananizationTests.SearchOrgByWebsite -->
