<?xml version="1.0" encoding="UTF-8"?>
<!-- Generated by org.testng.reporters.JUnitReportReporter -->
<testsuite hostname="LAPTOP-Q08K87KM" failures="0" tests="2" name="com.crm.OrgananizationTests.CreateOrgWithIndTests" time="57.680" errors="0" timestamp="2022-03-03T12:54:12 IST" skipped="0">
  <testcase classname="com.crm.OrgananizationTests.CreateOrgWithIndTests" name="createOrgWithIndTest" time="29.387"/>
  <system-out/>
  <testcase classname="com.crm.OrgananizationTests.CreateOrgWithIndTests" name="createOrgWithIndTest" time="28.293"/>
  <system-out/>
</testsuite> <!-- com.crm.OrgananizationTests.CreateOrgWithIndTests -->
