<?xml version="1.0" encoding="UTF-8"?>
<!-- Generated by org.testng.reporters.JUnitReportReporter -->
<testsuite hostname="LAPTOP-Q08K87KM" failures="0" tests="1" name="com.crm.PRACTICE.SampleJDBCExecuteQueryTest" time="0.008" errors="0" timestamp="2022-02-17T12:57:42 IST" skipped="0">
  <testcase classname="com.crm.PRACTICE.SampleJDBCExecuteQueryTest" name="sampleJDBCExecuteQuery" time="0.008"/>
  <system-out/>
</testsuite> <!-- com.crm.PRACTICE.SampleJDBCExecuteQueryTest -->
