<?xml version="1.0" encoding="UTF-8"?>
<!-- Generated by org.testng.reporters.JUnitReportReporter -->
<testsuite hostname="LAPTOP-Q08K87KM" failures="0" tests="1" name="com.crm.PRACTICE.WriteDataToTheExcelTest" time="0.673" errors="0" timestamp="2022-02-17T16:29:58 IST" skipped="0">
  <testcase classname="com.crm.PRACTICE.WriteDataToTheExcelTest" name="writeDataToTheExcelTest" time="0.673"/>
  <system-out/>
</testsuite> <!-- com.crm.PRACTICE.WriteDataToTheExcelTest -->
