<?xml version="1.0" encoding="UTF-8"?>
<!-- Generated by org.testng.reporters.JUnitReportReporter -->
<testsuite hostname="LAPTOP-Q08K87KM" failures="0" tests="4" name="com.crm.PRACTICE.DataProviderPractice" time="0.007" errors="0" timestamp="2022-02-28T15:43:26 IST" skipped="0">
  <testcase classname="com.crm.PRACTICE.DataProviderPractice" name="SampleDataProvider" time="0.000"/>
  <system-out/>
  <testcase classname="com.crm.PRACTICE.DataProviderPractice" name="SampleDataProvider" time="0.005"/>
  <system-out/>
  <testcase classname="com.crm.PRACTICE.DataProviderPractice" name="SampleDataProvider" time="0.001"/>
  <system-out/>
  <testcase classname="com.crm.PRACTICE.DataProviderPractice" name="SampleDataProvider" time="0.001"/>
  <system-out/>
</testsuite> <!-- com.crm.PRACTICE.DataProviderPractice -->
