<?xml version="1.0" encoding="UTF-8"?>
<!-- Generated by org.testng.reporters.JUnitReportReporter -->
<testsuite hostname="LAPTOP-Q08K87KM" failures="0" tests="10" name="com.crm.PRACTICE.CreateContactWithMultipleDatatests" time="299.541" errors="0" timestamp="2022-03-01T10:33:41 IST" skipped="0">
  <testcase classname="com.crm.PRACTICE.CreateContactWithMultipleDatatests" name="createOrgWithMltipleData" time="24.356"/>
  <system-out>
    <![CDATA[login successful
navigated to contact link
click on create contactlink
create contact with lastname
verification successful]]>
  </system-out>
  <testcase classname="com.crm.PRACTICE.CreateContactWithMultipleDatatests" name="createOrgWithMltipleData" time="31.351"/>
  <system-out>
    <![CDATA[login successful
navigated to contact link
click on create contactlink
create contact with lastname
verification successful]]>
  </system-out>
  <testcase classname="com.crm.PRACTICE.CreateContactWithMultipleDatatests" name="createOrgWithMltipleData" time="34.141"/>
  <system-out>
    <![CDATA[login successful
navigated to contact link
click on create contactlink
create contact with lastname
verification successful]]>
  </system-out>
  <testcase classname="com.crm.PRACTICE.CreateContactWithMultipleDatatests" name="createOrgWithMltipleData" time="26.719"/>
  <system-out>
    <![CDATA[login successful
navigated to contact link
click on create contactlink
create contact with lastname
verification successful]]>
  </system-out>
  <testcase classname="com.crm.PRACTICE.CreateContactWithMultipleDatatests" name="createOrgWithMltipleData" time="26.315"/>
  <system-out>
    <![CDATA[login successful
navigated to contact link
click on create contactlink
create contact with lastname
verification successful]]>
  </system-out>
  <testcase classname="com.crm.PRACTICE.CreateContactWithMultipleDatatests" name="createOrgWithMltipleData" time="25.233"/>
  <system-out>
    <![CDATA[login successful
navigated to contact link
click on create contactlink
create contact with lastname
verification successful]]>
  </system-out>
  <testcase classname="com.crm.PRACTICE.CreateContactWithMultipleDatatests" name="createOrgWithMltipleData" time="23.289"/>
  <system-out>
    <![CDATA[login successful
navigated to contact link
click on create contactlink
create contact with lastname
verification successful]]>
  </system-out>
  <testcase classname="com.crm.PRACTICE.CreateContactWithMultipleDatatests" name="createOrgWithMltipleData" time="48.972"/>
  <system-out>
    <![CDATA[login successful
navigated to contact link
click on create contactlink
create contact with lastname
verification successful]]>
  </system-out>
  <testcase classname="com.crm.PRACTICE.CreateContactWithMultipleDatatests" name="createOrgWithMltipleData" time="23.463"/>
  <system-out>
    <![CDATA[login successful
navigated to contact link
click on create contactlink
create contact with lastname
verification successful]]>
  </system-out>
  <testcase classname="com.crm.PRACTICE.CreateContactWithMultipleDatatests" name="createOrgWithMltipleData" time="35.702"/>
  <system-out>
    <![CDATA[login successful
navigated to contact link
click on create contactlink
create contact with lastname
verification successful]]>
  </system-out>
</testsuite> <!-- com.crm.PRACTICE.CreateContactWithMultipleDatatests -->
