<?xml version="1.0" encoding="UTF-8"?>
<!-- Generated by org.testng.reporters.JUnitReportReporter -->
<testsuite hostname="LAPTOP-Q08K87KM" failures="0" tests="1" name="com.crm.PRACTICE.PropertyFilePracticeTest" time="0.003" errors="0" timestamp="2022-02-17T12:57:42 IST" skipped="0">
  <testcase classname="com.crm.PRACTICE.PropertyFilePracticeTest" name="propertyFilePractice" time="0.003"/>
  <system-out/>
</testsuite> <!-- com.crm.PRACTICE.PropertyFilePracticeTest -->
