<?xml version="1.0" encoding="UTF-8"?>
<!-- Generated by org.testng.reporters.JUnitReportReporter -->
<testsuite hostname="LAPTOP-Q08K87KM" failures="0" tests="1" name="com.crm.PRACTICE.HandleCalenderPopupTest" time="176.387" errors="0" timestamp="2022-03-09T15:07:59 IST" skipped="0">
  <testcase classname="com.crm.PRACTICE.HandleCalenderPopupTest" name="calender" time="176.387"/>
  <system-out/>
</testsuite> <!-- com.crm.PRACTICE.HandleCalenderPopupTest -->
