<?xml version="1.0" encoding="UTF-8"?>
<!-- Generated by org.testng.reporters.JUnitReportReporter -->
<testsuite hostname="LAPTOP-Q08K87KM" failures="0" tests="1" name="com.crm.OrgananizationTests.FiltertheOrgByTestsProspAcntTests" time="32.583" errors="0" timestamp="2022-02-21T11:06:17 IST" skipped="0">
  <testcase classname="com.crm.OrgananizationTests.FiltertheOrgByTestsProspAcntTests" name="filtertheOrgByTestsProspAcntTests" time="32.583"/>
  <system-out/>
</testsuite> <!-- com.crm.OrgananizationTests.FiltertheOrgByTestsProspAcntTests -->
